{"/Users/macbook/One Drive File/Job-details/social-networking-api/app.js": {"path":"/Users/macbook/One Drive File/Job-details/social-networking-api/app.js","statementMap":{"0":{"start":{"line":1,"column":16},"end":{"line":1,"column":34}},"1":{"start":{"line":2,"column":12},"end":{"line":2,"column":21}},"2":{"start":{"line":3,"column":19},"end":{"line":3,"column":41}},"3":{"start":{"line":4,"column":21},"end":{"line":4,"column":45}},"4":{"start":{"line":5,"column":19},"end":{"line":5,"column":49}},"5":{"start":{"line":6,"column":19},"end":{"line":6,"column":49}},"6":{"start":{"line":8,"column":15},"end":{"line":8,"column":32}},"7":{"start":{"line":9,"column":18},"end":{"line":9,"column":47}},"8":{"start":{"line":10,"column":22},"end":{"line":10,"column":55}},"9":{"start":{"line":11,"column":12},"end":{"line":11,"column":32}},"10":{"start":{"line":13,"column":0},"end":{"line":13,"column":18}},"11":{"start":{"line":16,"column":16},"end":{"line":20,"column":2}},"12":{"start":{"line":21,"column":0},"end":{"line":21,"column":24}},"13":{"start":{"line":24,"column":0},"end":{"line":24,"column":25}},"14":{"start":{"line":25,"column":0},"end":{"line":25,"column":15}},"15":{"start":{"line":27,"column":0},"end":{"line":27,"column":24}},"16":{"start":{"line":28,"column":0},"end":{"line":28,"column":27}},"17":{"start":{"line":29,"column":0},"end":{"line":29,"column":24}},"18":{"start":{"line":30,"column":0},"end":{"line":32,"column":3}},"19":{"start":{"line":31,"column":4},"end":{"line":31,"column":49}},"20":{"start":{"line":34,"column":0},"end":{"line":34,"column":32}},"21":{"start":{"line":35,"column":0},"end":{"line":35,"column":32}},"22":{"start":{"line":37,"column":0},"end":{"line":37,"column":21}}},"fnMap":{"0":{"name":"(anonymous_0)","decl":{"start":{"line":30,"column":12},"end":{"line":30,"column":13}},"loc":{"start":{"line":30,"column":23},"end":{"line":32,"column":1}},"line":30}},"branchMap":{},"s":{"0":2,"1":2,"2":2,"3":2,"4":2,"5":2,"6":2,"7":2,"8":2,"9":2,"10":2,"11":2,"12":2,"13":2,"14":2,"15":2,"16":2,"17":2,"18":2,"19":0,"20":2,"21":2,"22":2},"f":{"0":0},"b":{},"_coverageSchema":"1a1c01bbd47fc00a2c39e90264f33305004495a9","hash":"16e79d60ced546aac7bf49bc104e926ec4e120f0"}
,"/Users/macbook/One Drive File/Job-details/social-networking-api/controller/followController.js": {"path":"/Users/macbook/One Drive File/Job-details/social-networking-api/controller/followController.js","statementMap":{"0":{"start":{"line":1,"column":13},"end":{"line":1,"column":42}},"1":{"start":{"line":2,"column":13},"end":{"line":2,"column":42}},"2":{"start":{"line":3,"column":24},"end":{"line":8,"column":1}},"3":{"start":{"line":4,"column":4},"end":{"line":7,"column":7}},"4":{"start":{"line":9,"column":23},"end":{"line":15,"column":1}},"5":{"start":{"line":10,"column":4},"end":{"line":13,"column":6}},"6":{"start":{"line":16,"column":0},"end":{"line":50,"column":1}},"7":{"start":{"line":17,"column":4},"end":{"line":49,"column":5}},"8":{"start":{"line":19,"column":23},"end":{"line":19,"column":52}},"9":{"start":{"line":21,"column":17},"end":{"line":21,"column":30}},"10":{"start":{"line":23,"column":7},"end":{"line":23,"column":44}},"11":{"start":{"line":24,"column":6},"end":{"line":26,"column":7}},"12":{"start":{"line":25,"column":8},"end":{"line":25,"column":62}},"13":{"start":{"line":28,"column":6},"end":{"line":33,"column":9}},"14":{"start":{"line":30,"column":8},"end":{"line":32,"column":9}},"15":{"start":{"line":31,"column":12},"end":{"line":31,"column":48}},"16":{"start":{"line":35,"column":6},"end":{"line":35,"column":37}},"17":{"start":{"line":36,"column":6},"end":{"line":36,"column":28}},"18":{"start":{"line":40,"column":27},"end":{"line":40,"column":50}},"19":{"start":{"line":41,"column":6},"end":{"line":41,"column":51}},"20":{"start":{"line":42,"column":6},"end":{"line":42,"column":32}},"21":{"start":{"line":44,"column":6},"end":{"line":44,"column":71}},"22":{"start":{"line":47,"column":8},"end":{"line":47,"column":36}},"23":{"start":{"line":51,"column":0},"end":{"line":81,"column":1}},"24":{"start":{"line":52,"column":4},"end":{"line":80,"column":5}},"25":{"start":{"line":53,"column":19},"end":{"line":53,"column":32}},"26":{"start":{"line":55,"column":25},"end":{"line":55,"column":54}},"27":{"start":{"line":57,"column":8},"end":{"line":59,"column":11}},"28":{"start":{"line":58,"column":12},"end":{"line":58,"column":66}},"29":{"start":{"line":61,"column":18},"end":{"line":66,"column":10}},"30":{"start":{"line":63,"column":12},"end":{"line":63,"column":32}},"31":{"start":{"line":64,"column":12},"end":{"line":64,"column":43}},"32":{"start":{"line":65,"column":12},"end":{"line":65,"column":58}},"33":{"start":{"line":67,"column":8},"end":{"line":67,"column":31}},"34":{"start":{"line":68,"column":8},"end":{"line":68,"column":30}},"35":{"start":{"line":69,"column":29},"end":{"line":69,"column":52}},"36":{"start":{"line":70,"column":18},"end":{"line":72,"column":10}},"37":{"start":{"line":71,"column":12},"end":{"line":71,"column":69}},"38":{"start":{"line":73,"column":8},"end":{"line":73,"column":35}},"39":{"start":{"line":74,"column":7},"end":{"line":74,"column":33}},"40":{"start":{"line":75,"column":7},"end":{"line":75,"column":74}},"41":{"start":{"line":78,"column":8},"end":{"line":78,"column":36}},"42":{"start":{"line":82,"column":0},"end":{"line":95,"column":1}},"43":{"start":{"line":83,"column":4},"end":{"line":94,"column":5}},"44":{"start":{"line":84,"column":21},"end":{"line":84,"column":72}},"45":{"start":{"line":86,"column":8},"end":{"line":86,"column":38}},"46":{"start":{"line":92,"column":8},"end":{"line":92,"column":36}},"47":{"start":{"line":96,"column":0},"end":{"line":106,"column":1}},"48":{"start":{"line":97,"column":4},"end":{"line":105,"column":5}},"49":{"start":{"line":98,"column":21},"end":{"line":98,"column":77}},"50":{"start":{"line":100,"column":8},"end":{"line":100,"column":38}},"51":{"start":{"line":103,"column":8},"end":{"line":103,"column":36}}},"fnMap":{"0":{"name":"(anonymous_0)","decl":{"start":{"line":3,"column":24},"end":{"line":3,"column":25}},"loc":{"start":{"line":3,"column":55},"end":{"line":8,"column":1}},"line":3},"1":{"name":"(anonymous_1)","decl":{"start":{"line":9,"column":23},"end":{"line":9,"column":24}},"loc":{"start":{"line":9,"column":53},"end":{"line":15,"column":1}},"line":9},"2":{"name":"(anonymous_2)","decl":{"start":{"line":16,"column":23},"end":{"line":16,"column":24}},"loc":{"start":{"line":16,"column":44},"end":{"line":50,"column":1}},"line":16},"3":{"name":"(anonymous_3)","decl":{"start":{"line":29,"column":32},"end":{"line":29,"column":33}},"loc":{"start":{"line":29,"column":38},"end":{"line":33,"column":7}},"line":29},"4":{"name":"(anonymous_4)","decl":{"start":{"line":51,"column":25},"end":{"line":51,"column":26}},"loc":{"start":{"line":51,"column":46},"end":{"line":81,"column":1}},"line":51},"5":{"name":"(anonymous_5)","decl":{"start":{"line":61,"column":44},"end":{"line":61,"column":45}},"loc":{"start":{"line":61,"column":50},"end":{"line":66,"column":9}},"line":61},"6":{"name":"(anonymous_6)","decl":{"start":{"line":70,"column":48},"end":{"line":70,"column":49}},"loc":{"start":{"line":70,"column":54},"end":{"line":72,"column":9}},"line":70},"7":{"name":"(anonymous_7)","decl":{"start":{"line":82,"column":28},"end":{"line":82,"column":29}},"loc":{"start":{"line":82,"column":50},"end":{"line":95,"column":1}},"line":82},"8":{"name":"(anonymous_8)","decl":{"start":{"line":96,"column":30},"end":{"line":96,"column":31}},"loc":{"start":{"line":96,"column":53},"end":{"line":106,"column":1}},"line":96}},"branchMap":{"0":{"loc":{"start":{"line":3,"column":36},"end":{"line":3,"column":52}},"type":"default-arg","locations":[{"start":{"line":3,"column":49},"end":{"line":3,"column":52}}],"line":3},"1":{"loc":{"start":{"line":9,"column":34},"end":{"line":9,"column":50}},"type":"default-arg","locations":[{"start":{"line":9,"column":47},"end":{"line":9,"column":50}}],"line":9},"2":{"loc":{"start":{"line":24,"column":6},"end":{"line":26,"column":7}},"type":"if","locations":[{"start":{"line":24,"column":6},"end":{"line":26,"column":7}},{"start":{},"end":{}}],"line":24},"3":{"loc":{"start":{"line":28,"column":6},"end":{"line":33,"column":8}},"type":"binary-expr","locations":[{"start":{"line":28,"column":6},"end":{"line":28,"column":35}},{"start":{"line":29,"column":9},"end":{"line":33,"column":8}}],"line":28},"4":{"loc":{"start":{"line":30,"column":8},"end":{"line":32,"column":9}},"type":"if","locations":[{"start":{"line":30,"column":8},"end":{"line":32,"column":9}},{"start":{},"end":{}}],"line":30},"5":{"loc":{"start":{"line":57,"column":8},"end":{"line":59,"column":11}},"type":"if","locations":[{"start":{"line":57,"column":8},"end":{"line":59,"column":11}},{"start":{},"end":{}}],"line":57}},"s":{"0":2,"1":2,"2":2,"3":0,"4":2,"5":0,"6":2,"7":0,"8":0,"9":0,"10":0,"11":0,"12":0,"13":0,"14":0,"15":0,"16":0,"17":0,"18":0,"19":0,"20":0,"21":0,"22":0,"23":2,"24":0,"25":0,"26":0,"27":0,"28":0,"29":0,"30":0,"31":0,"32":0,"33":0,"34":0,"35":0,"36":0,"37":0,"38":0,"39":0,"40":0,"41":0,"42":2,"43":0,"44":0,"45":0,"46":0,"47":2,"48":0,"49":0,"50":0,"51":0},"f":{"0":0,"1":0,"2":0,"3":0,"4":0,"5":0,"6":0,"7":0,"8":0},"b":{"0":[0],"1":[0],"2":[0,0],"3":[0,0],"4":[0,0],"5":[0,0]},"_coverageSchema":"1a1c01bbd47fc00a2c39e90264f33305004495a9","hash":"e87d2f82fe0cbd65c837e505646b6444959aa326"}
,"/Users/macbook/One Drive File/Job-details/social-networking-api/controller/postController.js": {"path":"/Users/macbook/One Drive File/Job-details/social-networking-api/controller/postController.js","statementMap":{"0":{"start":{"line":1,"column":13},"end":{"line":1,"column":42}},"1":{"start":{"line":2,"column":13},"end":{"line":2,"column":42}},"2":{"start":{"line":3,"column":24},"end":{"line":9,"column":1}},"3":{"start":{"line":4,"column":4},"end":{"line":8,"column":7}},"4":{"start":{"line":10,"column":23},"end":{"line":15,"column":1}},"5":{"start":{"line":11,"column":4},"end":{"line":14,"column":6}},"6":{"start":{"line":17,"column":0},"end":{"line":39,"column":1}},"7":{"start":{"line":18,"column":4},"end":{"line":37,"column":5}},"8":{"start":{"line":20,"column":21},"end":{"line":20,"column":50}},"9":{"start":{"line":21,"column":19},"end":{"line":21,"column":32}},"10":{"start":{"line":24,"column":18},"end":{"line":27,"column":7}},"11":{"start":{"line":29,"column":5},"end":{"line":29,"column":36}},"12":{"start":{"line":30,"column":5},"end":{"line":30,"column":27}},"13":{"start":{"line":32,"column":5},"end":{"line":32,"column":35}},"14":{"start":{"line":35,"column":8},"end":{"line":35,"column":36}},"15":{"start":{"line":40,"column":0},"end":{"line":60,"column":1}},"16":{"start":{"line":41,"column":4},"end":{"line":59,"column":5}},"17":{"start":{"line":42,"column":23},"end":{"line":42,"column":31}},"18":{"start":{"line":43,"column":19},"end":{"line":43,"column":32}},"19":{"start":{"line":44,"column":8},"end":{"line":46,"column":9}},"20":{"start":{"line":45,"column":12},"end":{"line":45,"column":67}},"21":{"start":{"line":47,"column":25},"end":{"line":47,"column":54}},"22":{"start":{"line":48,"column":29},"end":{"line":48,"column":63}},"23":{"start":{"line":49,"column":8},"end":{"line":49,"column":78}},"24":{"start":{"line":50,"column":8},"end":{"line":52,"column":9}},"25":{"start":{"line":51,"column":12},"end":{"line":51,"column":67}},"26":{"start":{"line":54,"column":21},"end":{"line":54,"column":65}},"27":{"start":{"line":56,"column":8},"end":{"line":56,"column":61}},"28":{"start":{"line":58,"column":8},"end":{"line":58,"column":36}},"29":{"start":{"line":61,"column":0},"end":{"line":70,"column":1}},"30":{"start":{"line":62,"column":4},"end":{"line":69,"column":5}},"31":{"start":{"line":64,"column":21},"end":{"line":64,"column":55}},"32":{"start":{"line":66,"column":8},"end":{"line":66,"column":38}},"33":{"start":{"line":68,"column":8},"end":{"line":68,"column":36}},"34":{"start":{"line":71,"column":0},"end":{"line":79,"column":1}},"35":{"start":{"line":72,"column":4},"end":{"line":78,"column":5}},"36":{"start":{"line":73,"column":21},"end":{"line":73,"column":40}},"37":{"start":{"line":75,"column":8},"end":{"line":75,"column":38}},"38":{"start":{"line":77,"column":8},"end":{"line":77,"column":36}},"39":{"start":{"line":81,"column":0},"end":{"line":96,"column":1}},"40":{"start":{"line":82,"column":4},"end":{"line":95,"column":5}},"41":{"start":{"line":83,"column":25},"end":{"line":83,"column":54}},"42":{"start":{"line":84,"column":29},"end":{"line":84,"column":63}},"43":{"start":{"line":85,"column":9},"end":{"line":85,"column":78}},"44":{"start":{"line":86,"column":8},"end":{"line":88,"column":9}},"45":{"start":{"line":87,"column":12},"end":{"line":87,"column":67}},"46":{"start":{"line":90,"column":8},"end":{"line":90,"column":52}},"47":{"start":{"line":92,"column":8},"end":{"line":92,"column":59}},"48":{"start":{"line":94,"column":8},"end":{"line":94,"column":36}}},"fnMap":{"0":{"name":"(anonymous_0)","decl":{"start":{"line":3,"column":24},"end":{"line":3,"column":25}},"loc":{"start":{"line":3,"column":55},"end":{"line":9,"column":1}},"line":3},"1":{"name":"(anonymous_1)","decl":{"start":{"line":10,"column":23},"end":{"line":10,"column":24}},"loc":{"start":{"line":10,"column":53},"end":{"line":15,"column":1}},"line":10},"2":{"name":"(anonymous_2)","decl":{"start":{"line":17,"column":20},"end":{"line":17,"column":21}},"loc":{"start":{"line":17,"column":42},"end":{"line":39,"column":1}},"line":17},"3":{"name":"(anonymous_3)","decl":{"start":{"line":40,"column":21},"end":{"line":40,"column":22}},"loc":{"start":{"line":40,"column":43},"end":{"line":60,"column":1}},"line":40},"4":{"name":"(anonymous_4)","decl":{"start":{"line":61,"column":19},"end":{"line":61,"column":20}},"loc":{"start":{"line":61,"column":41},"end":{"line":70,"column":1}},"line":61},"5":{"name":"(anonymous_5)","decl":{"start":{"line":71,"column":22},"end":{"line":71,"column":23}},"loc":{"start":{"line":71,"column":44},"end":{"line":79,"column":1}},"line":71},"6":{"name":"(anonymous_6)","decl":{"start":{"line":81,"column":21},"end":{"line":81,"column":22}},"loc":{"start":{"line":81,"column":43},"end":{"line":96,"column":1}},"line":81}},"branchMap":{"0":{"loc":{"start":{"line":3,"column":36},"end":{"line":3,"column":52}},"type":"default-arg","locations":[{"start":{"line":3,"column":49},"end":{"line":3,"column":52}}],"line":3},"1":{"loc":{"start":{"line":10,"column":34},"end":{"line":10,"column":50}},"type":"default-arg","locations":[{"start":{"line":10,"column":47},"end":{"line":10,"column":50}}],"line":10},"2":{"loc":{"start":{"line":44,"column":8},"end":{"line":46,"column":9}},"type":"if","locations":[{"start":{"line":44,"column":8},"end":{"line":46,"column":9}},{"start":{},"end":{}}],"line":44},"3":{"loc":{"start":{"line":50,"column":8},"end":{"line":52,"column":9}},"type":"if","locations":[{"start":{"line":50,"column":8},"end":{"line":52,"column":9}},{"start":{},"end":{}}],"line":50},"4":{"loc":{"start":{"line":86,"column":8},"end":{"line":88,"column":9}},"type":"if","locations":[{"start":{"line":86,"column":8},"end":{"line":88,"column":9}},{"start":{},"end":{}}],"line":86}},"s":{"0":2,"1":2,"2":2,"3":1,"4":2,"5":0,"6":2,"7":0,"8":0,"9":0,"10":0,"11":0,"12":0,"13":0,"14":0,"15":2,"16":0,"17":0,"18":0,"19":0,"20":0,"21":0,"22":0,"23":0,"24":0,"25":0,"26":0,"27":0,"28":0,"29":2,"30":0,"31":0,"32":0,"33":0,"34":2,"35":1,"36":1,"37":1,"38":0,"39":2,"40":0,"41":0,"42":0,"43":0,"44":0,"45":0,"46":0,"47":0,"48":0},"f":{"0":1,"1":0,"2":0,"3":0,"4":0,"5":1,"6":0},"b":{"0":[0],"1":[0],"2":[0,0],"3":[0,0],"4":[0,0]},"_coverageSchema":"1a1c01bbd47fc00a2c39e90264f33305004495a9","hash":"91ab028269958545459ef8e96beac7e74736fd78"}
,"/Users/macbook/One Drive File/Job-details/social-networking-api/controller/socialController.js": {"path":"/Users/macbook/One Drive File/Job-details/social-networking-api/controller/socialController.js","statementMap":{"0":{"start":{"line":1,"column":13},"end":{"line":1,"column":42}},"1":{"start":{"line":2,"column":13},"end":{"line":2,"column":42}},"2":{"start":{"line":3,"column":17},"end":{"line":3,"column":36}},"3":{"start":{"line":4,"column":17},"end":{"line":4,"column":40}},"4":{"start":{"line":8,"column":0},"end":{"line":24,"column":1}},"5":{"start":{"line":9,"column":4},"end":{"line":23,"column":5}},"6":{"start":{"line":10,"column":21},"end":{"line":10,"column":55}},"7":{"start":{"line":11,"column":8},"end":{"line":11,"column":26}},"8":{"start":{"line":12,"column":24},"end":{"line":12,"column":82}},"9":{"start":{"line":15,"column":8},"end":{"line":15,"column":29}},"10":{"start":{"line":16,"column":8},"end":{"line":19,"column":10}},"11":{"start":{"line":22,"column":7},"end":{"line":22,"column":23}},"12":{"start":{"line":26,"column":0},"end":{"line":74,"column":1}},"13":{"start":{"line":27,"column":4},"end":{"line":73,"column":5}},"14":{"start":{"line":28,"column":21},"end":{"line":28,"column":55}},"15":{"start":{"line":29,"column":24},"end":{"line":36,"column":10}},"16":{"start":{"line":64,"column":8},"end":{"line":67,"column":10}},"17":{"start":{"line":70,"column":8},"end":{"line":70,"column":24}}},"fnMap":{"0":{"name":"(anonymous_0)","decl":{"start":{"line":8,"column":30},"end":{"line":8,"column":31}},"loc":{"start":{"line":8,"column":53},"end":{"line":24,"column":1}},"line":8},"1":{"name":"(anonymous_1)","decl":{"start":{"line":26,"column":27},"end":{"line":26,"column":28}},"loc":{"start":{"line":26,"column":49},"end":{"line":74,"column":1}},"line":26}},"branchMap":{},"s":{"0":2,"1":2,"2":2,"3":2,"4":2,"5":0,"6":0,"7":0,"8":0,"9":0,"10":0,"11":0,"12":2,"13":0,"14":0,"15":0,"16":0,"17":0},"f":{"0":0,"1":0},"b":{},"_coverageSchema":"1a1c01bbd47fc00a2c39e90264f33305004495a9","hash":"a071d42f54ffcb7deebd146a6e3148918d86e1dc"}
,"/Users/macbook/One Drive File/Job-details/social-networking-api/controller/userController.js": {"path":"/Users/macbook/One Drive File/Job-details/social-networking-api/controller/userController.js","statementMap":{"0":{"start":{"line":1,"column":13},"end":{"line":1,"column":42}},"1":{"start":{"line":2,"column":25},"end":{"line":2,"column":61}},"2":{"start":{"line":3,"column":12},"end":{"line":3,"column":35}},"3":{"start":{"line":4,"column":23},"end":{"line":4,"column":38}},"4":{"start":{"line":5,"column":24},"end":{"line":10,"column":1}},"5":{"start":{"line":6,"column":4},"end":{"line":9,"column":7}},"6":{"start":{"line":11,"column":23},"end":{"line":17,"column":1}},"7":{"start":{"line":12,"column":4},"end":{"line":15,"column":6}},"8":{"start":{"line":18,"column":0},"end":{"line":47,"column":1}},"9":{"start":{"line":19,"column":4},"end":{"line":45,"column":5}},"10":{"start":{"line":22,"column":24},"end":{"line":22,"column":32}},"11":{"start":{"line":23,"column":14},"end":{"line":23,"column":22}},"12":{"start":{"line":24,"column":4},"end":{"line":24,"column":25}},"13":{"start":{"line":26,"column":22},"end":{"line":26,"column":73}},"14":{"start":{"line":28,"column":4},"end":{"line":30,"column":5}},"15":{"start":{"line":29,"column":8},"end":{"line":29,"column":77}},"16":{"start":{"line":32,"column":18},"end":{"line":37,"column":7}},"17":{"start":{"line":38,"column":5},"end":{"line":38,"column":32}},"18":{"start":{"line":40,"column":5},"end":{"line":40,"column":35}},"19":{"start":{"line":43,"column":8},"end":{"line":43,"column":36}},"20":{"start":{"line":48,"column":0},"end":{"line":61,"column":1}},"21":{"start":{"line":49,"column":4},"end":{"line":60,"column":5}},"22":{"start":{"line":50,"column":28},"end":{"line":50,"column":36}},"23":{"start":{"line":51,"column":30},"end":{"line":51,"column":78}},"24":{"start":{"line":52,"column":8},"end":{"line":54,"column":9}},"25":{"start":{"line":53,"column":12},"end":{"line":53,"column":70}},"26":{"start":{"line":55,"column":21},"end":{"line":55,"column":71}},"27":{"start":{"line":57,"column":8},"end":{"line":57,"column":64}},"28":{"start":{"line":59,"column":8},"end":{"line":59,"column":36}},"29":{"start":{"line":62,"column":0},"end":{"line":75,"column":1}},"30":{"start":{"line":63,"column":4},"end":{"line":74,"column":5}},"31":{"start":{"line":64,"column":21},"end":{"line":64,"column":86}},"32":{"start":{"line":65,"column":8},"end":{"line":67,"column":9}},"33":{"start":{"line":66,"column":12},"end":{"line":66,"column":65}},"34":{"start":{"line":68,"column":8},"end":{"line":68,"column":35}},"35":{"start":{"line":70,"column":8},"end":{"line":70,"column":38}},"36":{"start":{"line":73,"column":8},"end":{"line":73,"column":36}},"37":{"start":{"line":76,"column":0},"end":{"line":84,"column":1}},"38":{"start":{"line":77,"column":4},"end":{"line":83,"column":5}},"39":{"start":{"line":78,"column":21},"end":{"line":78,"column":67}},"40":{"start":{"line":80,"column":8},"end":{"line":80,"column":38}},"41":{"start":{"line":82,"column":8},"end":{"line":82,"column":36}},"42":{"start":{"line":85,"column":0},"end":{"line":93,"column":1}},"43":{"start":{"line":86,"column":4},"end":{"line":92,"column":5}},"44":{"start":{"line":87,"column":21},"end":{"line":87,"column":89}},"45":{"start":{"line":89,"column":8},"end":{"line":89,"column":38}},"46":{"start":{"line":91,"column":8},"end":{"line":91,"column":36}},"47":{"start":{"line":94,"column":0},"end":{"line":102,"column":1}},"48":{"start":{"line":95,"column":4},"end":{"line":101,"column":5}},"49":{"start":{"line":96,"column":8},"end":{"line":96,"column":47}},"50":{"start":{"line":98,"column":8},"end":{"line":98,"column":67}},"51":{"start":{"line":100,"column":8},"end":{"line":100,"column":36}},"52":{"start":{"line":103,"column":0},"end":{"line":123,"column":1}},"53":{"start":{"line":104,"column":4},"end":{"line":122,"column":5}},"54":{"start":{"line":106,"column":8},"end":{"line":106,"column":28}},"55":{"start":{"line":107,"column":8},"end":{"line":107,"column":33}},"56":{"start":{"line":108,"column":8},"end":{"line":110,"column":11}},"57":{"start":{"line":109,"column":12},"end":{"line":109,"column":36}},"58":{"start":{"line":111,"column":8},"end":{"line":113,"column":11}},"59":{"start":{"line":112,"column":12},"end":{"line":112,"column":71}},"60":{"start":{"line":115,"column":23},"end":{"line":115,"column":63}},"61":{"start":{"line":116,"column":35},"end":{"line":116,"column":65}},"62":{"start":{"line":117,"column":8},"end":{"line":117,"column":38}},"63":{"start":{"line":118,"column":8},"end":{"line":118,"column":15}},"64":{"start":{"line":121,"column":8},"end":{"line":121,"column":32}}},"fnMap":{"0":{"name":"(anonymous_0)","decl":{"start":{"line":5,"column":24},"end":{"line":5,"column":25}},"loc":{"start":{"line":5,"column":55},"end":{"line":10,"column":1}},"line":5},"1":{"name":"(anonymous_1)","decl":{"start":{"line":11,"column":23},"end":{"line":11,"column":24}},"loc":{"start":{"line":11,"column":53},"end":{"line":17,"column":1}},"line":11},"2":{"name":"(anonymous_2)","decl":{"start":{"line":18,"column":23},"end":{"line":18,"column":24}},"loc":{"start":{"line":18,"column":45},"end":{"line":47,"column":1}},"line":18},"3":{"name":"(anonymous_3)","decl":{"start":{"line":48,"column":24},"end":{"line":48,"column":25}},"loc":{"start":{"line":48,"column":46},"end":{"line":61,"column":1}},"line":48},"4":{"name":"(anonymous_4)","decl":{"start":{"line":62,"column":16},"end":{"line":62,"column":17}},"loc":{"start":{"line":62,"column":39},"end":{"line":75,"column":1}},"line":62},"5":{"name":"(anonymous_5)","decl":{"start":{"line":76,"column":22},"end":{"line":76,"column":23}},"loc":{"start":{"line":76,"column":44},"end":{"line":84,"column":1}},"line":76},"6":{"name":"(anonymous_6)","decl":{"start":{"line":85,"column":23},"end":{"line":85,"column":24}},"loc":{"start":{"line":85,"column":45},"end":{"line":93,"column":1}},"line":85},"7":{"name":"(anonymous_7)","decl":{"start":{"line":94,"column":24},"end":{"line":94,"column":25}},"loc":{"start":{"line":94,"column":46},"end":{"line":102,"column":1}},"line":94},"8":{"name":"(anonymous_8)","decl":{"start":{"line":103,"column":25},"end":{"line":103,"column":26}},"loc":{"start":{"line":103,"column":46},"end":{"line":123,"column":1}},"line":103}},"branchMap":{"0":{"loc":{"start":{"line":5,"column":36},"end":{"line":5,"column":52}},"type":"default-arg","locations":[{"start":{"line":5,"column":49},"end":{"line":5,"column":52}}],"line":5},"1":{"loc":{"start":{"line":11,"column":34},"end":{"line":11,"column":50}},"type":"default-arg","locations":[{"start":{"line":11,"column":47},"end":{"line":11,"column":50}}],"line":11},"2":{"loc":{"start":{"line":28,"column":4},"end":{"line":30,"column":5}},"type":"if","locations":[{"start":{"line":28,"column":4},"end":{"line":30,"column":5}},{"start":{},"end":{}}],"line":28},"3":{"loc":{"start":{"line":52,"column":8},"end":{"line":54,"column":9}},"type":"if","locations":[{"start":{"line":52,"column":8},"end":{"line":54,"column":9}},{"start":{},"end":{}}],"line":52},"4":{"loc":{"start":{"line":65,"column":8},"end":{"line":67,"column":9}},"type":"if","locations":[{"start":{"line":65,"column":8},"end":{"line":67,"column":9}},{"start":{},"end":{}}],"line":65},"5":{"loc":{"start":{"line":108,"column":8},"end":{"line":110,"column":11}},"type":"if","locations":[{"start":{"line":108,"column":8},"end":{"line":110,"column":11}},{"start":{},"end":{}}],"line":108},"6":{"loc":{"start":{"line":111,"column":8},"end":{"line":113,"column":11}},"type":"if","locations":[{"start":{"line":111,"column":8},"end":{"line":113,"column":11}},{"start":{},"end":{}}],"line":111}},"s":{"0":2,"1":2,"2":2,"3":2,"4":2,"5":4,"6":2,"7":0,"8":2,"9":1,"10":1,"11":1,"12":1,"13":1,"14":1,"15":0,"16":1,"17":1,"18":1,"19":0,"20":2,"21":0,"22":0,"23":0,"24":0,"25":0,"26":0,"27":0,"28":0,"29":2,"30":1,"31":1,"32":1,"33":0,"34":1,"35":1,"36":0,"37":2,"38":0,"39":0,"40":0,"41":0,"42":2,"43":2,"44":2,"45":2,"46":0,"47":2,"48":0,"49":0,"50":0,"51":0,"52":2,"53":0,"54":0,"55":0,"56":0,"57":0,"58":0,"59":0,"60":0,"61":0,"62":0,"63":0,"64":0},"f":{"0":4,"1":0,"2":1,"3":0,"4":1,"5":0,"6":2,"7":0,"8":0},"b":{"0":[0],"1":[0],"2":[0,1],"3":[0,0],"4":[0,1],"5":[0,0],"6":[0,0]},"_coverageSchema":"1a1c01bbd47fc00a2c39e90264f33305004495a9","hash":"ba540d9abda1665a1fbadb72f209c204ae5a319c"}
,"/Users/macbook/One Drive File/Job-details/social-networking-api/model/postModel.js": {"path":"/Users/macbook/One Drive File/Job-details/social-networking-api/model/postModel.js","statementMap":{"0":{"start":{"line":1,"column":18},"end":{"line":1,"column":37}},"1":{"start":{"line":3,"column":19},"end":{"line":12,"column":2}},"2":{"start":{"line":13,"column":0},"end":{"line":13,"column":34}},"3":{"start":{"line":16,"column":13},"end":{"line":16,"column":46}},"4":{"start":{"line":18,"column":0},"end":{"line":18,"column":22}}},"fnMap":{},"branchMap":{},"s":{"0":2,"1":2,"2":2,"3":2,"4":2},"f":{},"b":{},"_coverageSchema":"1a1c01bbd47fc00a2c39e90264f33305004495a9","hash":"8050df55f0151d1b76a9717fb449aa6bbd68bd0a"}
,"/Users/macbook/One Drive File/Job-details/social-networking-api/model/userModel.js": {"path":"/Users/macbook/One Drive File/Job-details/social-networking-api/model/userModel.js","statementMap":{"0":{"start":{"line":1,"column":18},"end":{"line":1,"column":37}},"1":{"start":{"line":3,"column":19},"end":{"line":32,"column":2}},"2":{"start":{"line":33,"column":0},"end":{"line":33,"column":34}},"3":{"start":{"line":42,"column":13},"end":{"line":42,"column":46}},"4":{"start":{"line":44,"column":0},"end":{"line":44,"column":22}}},"fnMap":{},"branchMap":{},"s":{"0":3,"1":3,"2":3,"3":3,"4":3},"f":{},"b":{},"_coverageSchema":"1a1c01bbd47fc00a2c39e90264f33305004495a9","hash":"e1d46f0a95ea16a8f18ecffdefc003d353ea96bb"}
,"/Users/macbook/One Drive File/Job-details/social-networking-api/router/postRouter.js": {"path":"/Users/macbook/One Drive File/Job-details/social-networking-api/router/postRouter.js","statementMap":{"0":{"start":{"line":1,"column":16},"end":{"line":1,"column":34}},"1":{"start":{"line":2,"column":15},"end":{"line":2,"column":31}},"2":{"start":{"line":3,"column":23},"end":{"line":3,"column":62}},"3":{"start":{"line":4,"column":23},"end":{"line":4,"column":62}},"4":{"start":{"line":5,"column":25},"end":{"line":5,"column":66}},"5":{"start":{"line":7,"column":0},"end":{"line":7,"column":42}},"6":{"start":{"line":8,"column":0},"end":{"line":8,"column":43}},"7":{"start":{"line":10,"column":0},"end":{"line":10,"column":42}},"8":{"start":{"line":12,"column":0},"end":{"line":12,"column":49}},"9":{"start":{"line":13,"column":0},"end":{"line":13,"column":54}},"10":{"start":{"line":14,"column":0},"end":{"line":14,"column":55}},"11":{"start":{"line":18,"column":0},"end":{"line":18,"column":63}},"12":{"start":{"line":20,"column":0},"end":{"line":20,"column":24}}},"fnMap":{},"branchMap":{},"s":{"0":2,"1":2,"2":2,"3":2,"4":2,"5":2,"6":2,"7":2,"8":2,"9":2,"10":2,"11":2,"12":2},"f":{},"b":{},"_coverageSchema":"1a1c01bbd47fc00a2c39e90264f33305004495a9","hash":"e92912133b97a0f9b875813781efd1308e957f72"}
,"/Users/macbook/One Drive File/Job-details/social-networking-api/router/userRouter.js": {"path":"/Users/macbook/One Drive File/Job-details/social-networking-api/router/userRouter.js","statementMap":{"0":{"start":{"line":1,"column":16},"end":{"line":1,"column":34}},"1":{"start":{"line":2,"column":15},"end":{"line":2,"column":31}},"2":{"start":{"line":3,"column":23},"end":{"line":3,"column":62}},"3":{"start":{"line":4,"column":25},"end":{"line":4,"column":66}},"4":{"start":{"line":7,"column":0},"end":{"line":7,"column":52}},"5":{"start":{"line":8,"column":0},"end":{"line":8,"column":43}},"6":{"start":{"line":9,"column":0},"end":{"line":9,"column":61}},"7":{"start":{"line":11,"column":0},"end":{"line":11,"column":42}},"8":{"start":{"line":13,"column":0},"end":{"line":13,"column":50}},"9":{"start":{"line":14,"column":0},"end":{"line":14,"column":53}},"10":{"start":{"line":15,"column":0},"end":{"line":15,"column":54}},"11":{"start":{"line":18,"column":0},"end":{"line":18,"column":56}},"12":{"start":{"line":19,"column":0},"end":{"line":19,"column":60}},"13":{"start":{"line":20,"column":0},"end":{"line":20,"column":55}},"14":{"start":{"line":21,"column":0},"end":{"line":21,"column":62}},"15":{"start":{"line":23,"column":0},"end":{"line":23,"column":24}}},"fnMap":{},"branchMap":{},"s":{"0":2,"1":2,"2":2,"3":2,"4":2,"5":2,"6":2,"7":2,"8":2,"9":2,"10":2,"11":2,"12":2,"13":2,"14":2,"15":2},"f":{},"b":{},"_coverageSchema":"1a1c01bbd47fc00a2c39e90264f33305004495a9","hash":"499c21eaa1bc1698f85d7a0e5e4d46d16d55e67d"}
,"/Users/macbook/One Drive File/Job-details/social-networking-api/utils/sendTokenCookies.js": {"path":"/Users/macbook/One Drive File/Job-details/social-networking-api/utils/sendTokenCookies.js","statementMap":{"0":{"start":{"line":1,"column":12},"end":{"line":1,"column":35}},"1":{"start":{"line":3,"column":18},"end":{"line":5,"column":1}},"2":{"start":{"line":4,"column":2},"end":{"line":4,"column":46}},"3":{"start":{"line":8,"column":28},"end":{"line":24,"column":1}},"4":{"start":{"line":9,"column":2},"end":{"line":9,"column":57}},"5":{"start":{"line":9,"column":16},"end":{"line":9,"column":57}},"6":{"start":{"line":10,"column":16},"end":{"line":10,"column":35}},"7":{"start":{"line":12,"column":2},"end":{"line":12,"column":23}},"8":{"start":{"line":13,"column":2},"end":{"line":20,"column":5}},"9":{"start":{"line":21,"column":2},"end":{"line":21,"column":39}},"10":{"start":{"line":25,"column":0},"end":{"line":25,"column":37}}},"fnMap":{"0":{"name":"(anonymous_0)","decl":{"start":{"line":3,"column":18},"end":{"line":3,"column":19}},"loc":{"start":{"line":3,"column":26},"end":{"line":5,"column":1}},"line":3},"1":{"name":"(anonymous_1)","decl":{"start":{"line":8,"column":28},"end":{"line":8,"column":29}},"loc":{"start":{"line":8,"column":47},"end":{"line":24,"column":1}},"line":8}},"branchMap":{"0":{"loc":{"start":{"line":9,"column":2},"end":{"line":9,"column":57}},"type":"if","locations":[{"start":{"line":9,"column":2},"end":{"line":9,"column":57}},{"start":{},"end":{}}],"line":9}},"s":{"0":2,"1":2,"2":2,"3":2,"4":2,"5":0,"6":2,"7":2,"8":2,"9":2,"10":2},"f":{"0":2,"1":2},"b":{"0":[0,2]},"_coverageSchema":"1a1c01bbd47fc00a2c39e90264f33305004495a9","hash":"7a4c3e3d57802f7fc10e7c7effe32a0eda8106f8"}
}
